{
  "RSpec": {
    "coverage": {
      "/home/felipe/projetos/prateleira/prateleira/app/controllers/admin/base_controller.rb": {
        "lines": [
          1,
          1,
          1,
          null,
          1,
          null,
          1,
          1,
          null,
          1,
          null,
          1,
          null,
          1,
          0,
          null,
          null,
          null
        ]
      },
      "/home/felipe/projetos/prateleira/prateleira/app/controllers/admin/dashboard_controller.rb": {
        "lines": [
          1,
          1,
          1,
          1,
          null,
          1,
          1,
          1,
          1,
          1,
          1,
          null,
          null,
          null
        ]
      },
      "/home/felipe/projetos/prateleira/prateleira/app/controllers/admin/products_controller.rb": {
        "lines": [
          1,
          1,
          1,
          null,
          1,
          2,
          null,
          null,
          null,
          null,
          null,
          null,
          2,
          2,
          null,
          null,
          1,
          0,
          null,
          null,
          1,
          1,
          1,
          null,
          null,
          1,
          2,
          2,
          null,
          2,
          1,
          null,
          1,
          null,
          null,
          null,
          1,
          1,
          null,
          null,
          1,
          2,
          null,
          2,
          1,
          null,
          1,
          null,
          null,
          null,
          1,
          1,
          1,
          1,
          null,
          null,
          1,
          1,
          1,
          1,
          null,
          null,
          1,
          null,
          1,
          5,
          null,
          null,
          1,
          4,
          null,
          null,
          null,
          null,
          null,
          null
        ]
      },
      "/home/felipe/projetos/prateleira/prateleira/app/controllers/application_controller.rb": {
        "lines": [
          1,
          1,
          1,
          null,
          1,
          null,
          1,
          null,
          1,
          11,
          null,
          null
        ]
      },
      "/home/felipe/projetos/prateleira/prateleira/app/controllers/concerns/authentication.rb": {
        "lines": [
          1,
          1,
          null,
          1,
          1,
          1,
          null,
          null,
          1,
          1,
          2,
          null,
          null,
          null,
          1,
          1,
          6,
          null,
          null,
          1,
          14,
          null,
          null,
          1,
          20,
          null,
          null,
          1,
          20,
          null,
          null,
          1,
          2,
          2,
          null,
          null,
          1,
          13,
          null,
          null,
          1,
          13,
          13,
          13,
          null,
          null,
          null,
          1,
          1,
          1,
          null,
          null
        ]
      },
      "/home/felipe/projetos/prateleira/prateleira/app/controllers/passwords_controller.rb": {
        "lines": [
          0,
          0,
          0,
          null,
          0,
          null,
          null,
          0,
          0,
          0,
          null,
          null,
          0,
          null,
          null,
          0,
          null,
          null,
          0,
          0,
          0,
          null,
          0,
          null,
          null,
          null,
          0,
          0,
          0,
          null,
          0,
          null,
          null
        ],
        "branches": {
          "[:if, 0, 9, 4, 11, 7]": {
            "[:then, 1, 10, 6, 10, 47]": 0,
            "[:else, 2, 9, 4, 11, 7]": 0
          },
          "[:if, 3, 20, 4, 24, 7]": {
            "[:then, 4, 21, 6, 21, 70]": 0,
            "[:else, 5, 23, 6, 23, 87]": 0
          }
        },
        "methods": {
          "[\"PasswordsController\", :new, 5, 2, 6, 5]": 0,
          "[\"PasswordsController\", :create, 8, 2, 14, 5]": 0,
          "[\"PasswordsController\", :edit, 16, 2, 17, 5]": 0,
          "[\"PasswordsController\", :update, 19, 2, 25, 5]": 0,
          "[\"PasswordsController\", :set_user_by_token, 28, 4, 32, 7]": 0
        }
      },
      "/home/felipe/projetos/prateleira/prateleira/app/controllers/products_controller.rb": {
        "lines": [
          1,
          1,
          null,
          1,
          5,
          null,
          null,
          null,
          null,
          null,
          null,
          null,
          5,
          5,
          null,
          5,
          null,
          null,
          1,
          2,
          null,
          null,
          1,
          null,
          1,
          5,
          1,
          0,
          0,
          0,
          0,
          4,
          null,
          null,
          null
        ]
      },
      "/home/felipe/projetos/prateleira/prateleira/app/controllers/sessions_controller.rb": {
        "lines": [
          1,
          1,
          1,
          null,
          1,
          null,
          null,
          1,
          14,
          13,
          13,
          null,
          1,
          null,
          null,
          null,
          1,
          1,
          1,
          null,
          null
        ]
      },
      "/home/felipe/projetos/prateleira/prateleira/app/helpers/application_helper.rb": {
        "lines": [
          1,
          1,
          null
        ]
      },
      "/home/felipe/projetos/prateleira/prateleira/app/jobs/application_job.rb": {
        "lines": [
          0,
          null,
          null,
          null,
          null,
          null,
          null
        ],
        "branches": {},
        "methods": {}
      },
      "/home/felipe/projetos/prateleira/prateleira/app/mailers/application_mailer.rb": {
        "lines": [
          0,
          0,
          0,
          null
        ],
        "branches": {},
        "methods": {}
      },
      "/home/felipe/projetos/prateleira/prateleira/app/mailers/passwords_mailer.rb": {
        "lines": [
          0,
          0,
          0,
          0,
          null,
          null
        ],
        "branches": {},
        "methods": {
          "[\"PasswordsMailer\", :reset, 2, 2, 5, 5]": 0
        }
      },
      "/home/felipe/projetos/prateleira/prateleira/app/models/application_record.rb": {
        "lines": [
          1,
          1,
          null
        ]
      },
      "/home/felipe/projetos/prateleira/prateleira/app/models/category.rb": {
        "lines": [
          1,
          1,
          null,
          1,
          null,
          1,
          1,
          null,
          151,
          151,
          null,
          13,
          null
        ]
      },
      "/home/felipe/projetos/prateleira/prateleira/app/models/current.rb": {
        "lines": [
          1,
          1,
          1,
          null
        ]
      },
      "/home/felipe/projetos/prateleira/prateleira/app/models/product.rb": {
        "lines": [
          1,
          1,
          null,
          1,
          1,
          null,
          1,
          null,
          null,
          null,
          null,
          null,
          null,
          1,
          1,
          null,
          1,
          null,
          1,
          1,
          1,
          null,
          1,
          68,
          null,
          0,
          0,
          null,
          null,
          0,
          0,
          null,
          null,
          null,
          76,
          139,
          null,
          11,
          9,
          1,
          6,
          6,
          6,
          6,
          null,
          9,
          1,
          9,
          1,
          null,
          null,
          null,
          null,
          null
        ]
      },
      "/home/felipe/projetos/prateleira/prateleira/app/models/session.rb": {
        "lines": [
          1,
          1,
          null
        ]
      },
      "/home/felipe/projetos/prateleira/prateleira/app/models/user.rb": {
        "lines": [
          1,
          1,
          null,
          1,
          null,
          38,
          null,
          1,
          20,
          null,
          null
        ]
      },
      "/home/felipe/projetos/prateleira/prateleira/app/policies/application_policy.rb": {
        "lines": [
          1,
          1,
          null,
          1,
          20,
          20,
          null,
          null,
          1,
          0,
          null,
          null,
          1,
          0,
          null,
          null,
          1,
          0,
          null,
          null,
          1,
          0,
          null,
          null,
          1,
          0,
          null,
          null,
          1,
          0,
          null,
          null,
          1,
          0,
          null,
          null,
          1,
          0,
          null,
          null,
          1,
          1,
          null,
          1,
          0,
          0,
          null,
          null,
          1,
          0,
          null,
          null,
          null
        ]
      },
      "/home/felipe/projetos/prateleira/prateleira/app/policies/dashboard_policy.rb": {
        "lines": [
          1,
          1,
          2,
          null,
          null
        ]
      },
      "/home/felipe/projetos/prateleira/prateleira/app/policies/product_policy.rb": {
        "lines": [
          1,
          1,
          3,
          null,
          null,
          1,
          1,
          null,
          null,
          1,
          5,
          null,
          null,
          1,
          2,
          null,
          null,
          1,
          5,
          null,
          null,
          1,
          2,
          null,
          null,
          1,
          2,
          null,
          null,
          1,
          2,
          null,
          null,
          1,
          1,
          null,
          1,
          0,
          0,
          null,
          null,
          1,
          0,
          null,
          null,
          null
        ]
      }
    },
    "timestamp": 1783878826
  }
}
